<?xml version="1.0" encoding="UTF-8"?>
<!-- Generated by org.testng.reporters.JUnitXMLReporter -->
<testsuite ignored="0" hostname="Abi" failures="0" tests="4" name="Default test" time="63.64" errors="0" timestamp="2020-04-23T18:25:20 MST">
  <testcase classname="com.testcases.OrangeHrmDataProvider" name="OrangeHrm" time="13.447"/>
  <testcase classname="com.testcases.OrangeHrmDataProvider" name="OrangeHrm" time="12.239"/>
  <testcase classname="com.testcases.OrangeHrmDataProvider" name="OrangeHrm" time="12.306"/>
  <testcase classname="com.testcases.OrangeHrmDataProvider" name="OrangeHrm" time="12.237"/>
</testsuite> <!-- Default test -->
