<?xml version="1.0" encoding="UTF-8"?>
<testng-results ignored="0" total="4" passed="4" failed="0" skipped="0">
  <reporter-output>
  </reporter-output>
  <suite started-at="2020-04-23T18:24:16 MST" name="Default suite" finished-at="2020-04-23T18:25:20 MST" duration-ms="63640">
    <groups>
    </groups>
    <test started-at="2020-04-23T18:24:16 MST" name="Default test" finished-at="2020-04-23T18:25:20 MST" duration-ms="63640">
      <class name="com.testcases.OrangeHrmDataProvider">
        <test-method signature="OrangeHrm(java.lang.String, java.lang.String)[pri:0, instance:com.testcases.OrangeHrmDataProvider@63a65a25]" started-at="2020-04-23T18:24:18 MST" name="OrangeHrm" data-provider="OrangeHrm" finished-at="2020-04-23T18:24:31 MST" duration-ms="13447" status="PASS">
          <params>
            <param index="0">
              <value>
                <![CDATA[Admin]]>
              </value>
            </param>
            <param index="1">
              <value>
                <![CDATA[admin123]]>
              </value>
            </param>
          </params>
          <reporter-output>
          </reporter-output>
        </test-method> <!-- OrangeHrm -->
        <test-method is-config="true" signature="tearDown()[pri:0, instance:com.testcases.OrangeHrmDataProvider@63a65a25]" started-at="2020-04-23T18:24:31 MST" name="tearDown" finished-at="2020-04-23T18:24:34 MST" duration-ms="2927" status="PASS">
          <reporter-output>
          </reporter-output>
        </test-method> <!-- tearDown -->
        <test-method signature="OrangeHrm(java.lang.String, java.lang.String)[pri:0, instance:com.testcases.OrangeHrmDataProvider@63a65a25]" started-at="2020-04-23T18:24:34 MST" name="OrangeHrm" data-provider="OrangeHrm" finished-at="2020-04-23T18:24:46 MST" duration-ms="12239" status="PASS">
          <params>
            <param index="0">
              <value>
                <![CDATA[Admin]]>
              </value>
            </param>
            <param index="1">
              <value>
                <![CDATA[admin123]]>
              </value>
            </param>
          </params>
          <reporter-output>
          </reporter-output>
        </test-method> <!-- OrangeHrm -->
        <test-method is-config="true" signature="tearDown()[pri:0, instance:com.testcases.OrangeHrmDataProvider@63a65a25]" started-at="2020-04-23T18:24:46 MST" name="tearDown" finished-at="2020-04-23T18:24:49 MST" duration-ms="3223" status="PASS">
          <reporter-output>
          </reporter-output>
        </test-method> <!-- tearDown -->
        <test-method signature="OrangeHrm(java.lang.String, java.lang.String)[pri:0, instance:com.testcases.OrangeHrmDataProvider@63a65a25]" started-at="2020-04-23T18:24:49 MST" name="OrangeHrm" data-provider="OrangeHrm" finished-at="2020-04-23T18:25:02 MST" duration-ms="12306" status="PASS">
          <params>
            <param index="0">
              <value>
                <![CDATA[Admin]]>
              </value>
            </param>
            <param index="1">
              <value>
                <![CDATA[admin123]]>
              </value>
            </param>
          </params>
          <reporter-output>
          </reporter-output>
        </test-method> <!-- OrangeHrm -->
        <test-method is-config="true" signature="tearDown()[pri:0, instance:com.testcases.OrangeHrmDataProvider@63a65a25]" started-at="2020-04-23T18:25:02 MST" name="tearDown" finished-at="2020-04-23T18:25:05 MST" duration-ms="2916" status="PASS">
          <reporter-output>
          </reporter-output>
        </test-method> <!-- tearDown -->
        <test-method signature="OrangeHrm(java.lang.String, java.lang.String)[pri:0, instance:com.testcases.OrangeHrmDataProvider@63a65a25]" started-at="2020-04-23T18:25:05 MST" name="OrangeHrm" data-provider="OrangeHrm" finished-at="2020-04-23T18:25:17 MST" duration-ms="12237" status="PASS">
          <params>
            <param index="0">
              <value>
                <![CDATA[Admin]]>
              </value>
            </param>
            <param index="1">
              <value>
                <![CDATA[admin123]]>
              </value>
            </param>
          </params>
          <reporter-output>
          </reporter-output>
        </test-method> <!-- OrangeHrm -->
        <test-method is-config="true" signature="tearDown()[pri:0, instance:com.testcases.OrangeHrmDataProvider@63a65a25]" started-at="2020-04-23T18:25:17 MST" name="tearDown" finished-at="2020-04-23T18:25:20 MST" duration-ms="2820" status="PASS">
          <reporter-output>
          </reporter-output>
        </test-method> <!-- tearDown -->
      </class> <!-- com.testcases.OrangeHrmDataProvider -->
    </test> <!-- Default test -->
  </suite> <!-- Default suite -->
</testng-results>
